2016/03/24 04:33:34 [error] [exception.CHttpException.404] exception 'CHttpException' with message 'The system is unable to find the requested action "catcha".' in /opt/lampp/htdocs/workstations/framework/web/CController.php:483
Stack trace:
#0 /opt/lampp/htdocs/workstations/framework/web/CController.php(270): CController->missingAction('catcha')
#1 /opt/lampp/htdocs/workstations/framework/web/CWebApplication.php(282): CController->run('catcha')
#2 /opt/lampp/htdocs/workstations/framework/web/CWebApplication.php(141): CWebApplication->runController('site/catcha')
#3 /opt/lampp/htdocs/workstations/framework/base/CApplication.php(180): CWebApplication->processRequest()
#4 /opt/lampp/htdocs/workstations/app/index.php(13): CApplication->run()
#5 {main}
REQUEST_URI=/workstations/app/index.php?r=site/catcha
---
2016/03/24 04:38:00 [error] [exception.CHttpException.404] exception 'CHttpException' with message 'The requested view "index" was not found.' in /opt/lampp/htdocs/workstations/framework/web/actions/CViewAction.php:112
Stack trace:
#0 /opt/lampp/htdocs/workstations/framework/web/actions/CViewAction.php(123): CViewAction->resolveView('index')
#1 /opt/lampp/htdocs/workstations/framework/web/actions/CAction.php(76): CViewAction->run()
#2 /opt/lampp/htdocs/workstations/framework/web/CController.php(308): CAction->runWithParams(Array)
#3 /opt/lampp/htdocs/workstations/framework/web/CController.php(286): CController->runAction(Object(CViewAction))
#4 /opt/lampp/htdocs/workstations/framework/web/CController.php(265): CController->runActionWithFilters(Object(CViewAction), Array)
#5 /opt/lampp/htdocs/workstations/framework/web/CWebApplication.php(282): CController->run('page')
#6 /opt/lampp/htdocs/workstations/framework/web/CWebApplication.php(141): CWebApplication->runController('site/page')
#7 /opt/lampp/htdocs/workstations/framework/base/CApplication.php(180): CWebApplication->processRequest()
#8 /opt/lampp/htdocs/workstations/app/index.php(13): CApplication->run()
#9 {main}
REQUEST_URI=/workstations/app/index.php?r=site/page
---
2016/03/24 04:54:22 [error] [exception.CException] exception 'CException' with message 'Alias "application.controllers.test.TestAction" is invalid. Make sure it points to an existing PHP file and the file is readable.' in /opt/lampp/htdocs/workstations/framework/YiiBase.php:322
Stack trace:
#0 /opt/lampp/htdocs/workstations/framework/YiiBase.php(196): YiiBase::import('application.con...', true)
#1 /opt/lampp/htdocs/workstations/framework/web/CController.php(440): YiiBase::createComponent(Array, Object(SiteController), 'test')
#2 /opt/lampp/htdocs/workstations/framework/web/CController.php(417): CController->createActionFromMap(Array, 'test', 'test')
#3 /opt/lampp/htdocs/workstations/framework/web/CController.php(259): CController->createAction('test')
#4 /opt/lampp/htdocs/workstations/framework/web/CWebApplication.php(282): CController->run('test')
#5 /opt/lampp/htdocs/workstations/framework/web/CWebApplication.php(141): CWebApplication->runController('site/test')
#6 /opt/lampp/htdocs/workstations/framework/base/CApplication.php(180): CWebApplication->processRequest()
#7 /opt/lampp/htdocs/workstations/app/index.php(13): CApplication->run()
#8 {main}
REQUEST_URI=/workstations/app/index.php?r=site/test
---
2016/03/24 04:58:16 [error] [exception.CHttpException.404] exception 'CHttpException' with message 'The system is unable to find the requested action "test".' in /opt/lampp/htdocs/workstations/framework/web/CController.php:483
Stack trace:
#0 /opt/lampp/htdocs/workstations/framework/web/CController.php(270): CController->missingAction('test')
#1 /opt/lampp/htdocs/workstations/framework/web/CWebApplication.php(282): CController->run('test')
#2 /opt/lampp/htdocs/workstations/framework/web/CWebApplication.php(141): CWebApplication->runController('site/test')
#3 /opt/lampp/htdocs/workstations/framework/base/CApplication.php(180): CWebApplication->processRequest()
#4 /opt/lampp/htdocs/workstations/app/index.php(13): CApplication->run()
#5 {main}
REQUEST_URI=/workstations/app/index.php?r=site/test
---
2016/03/24 04:58:24 [error] [exception.CException] exception 'CException' with message 'Property "SiteController.content" is not defined.' in /opt/lampp/htdocs/workstations/framework/base/CComponent.php:130
Stack trace:
#0 /opt/lampp/htdocs/workstations/app/protected/views/layouts/_workstation_layout.php(7): CComponent->__get('content')
#1 /opt/lampp/htdocs/workstations/framework/web/CBaseController.php(126): require('/opt/lampp/htdo...')
#2 /opt/lampp/htdocs/workstations/framework/web/CBaseController.php(95): CBaseController->renderInternal('/opt/lampp/htdo...', Array, true)
#3 /opt/lampp/htdocs/workstations/framework/web/CController.php(784): CBaseController->renderFile('/opt/lampp/htdo...', Array, true)
#4 /opt/lampp/htdocs/workstations/app/protected/controllers/SiteController.php(34): CController->render('index')
#5 /opt/lampp/htdocs/workstations/framework/web/actions/CInlineAction.php(49): SiteController->actionIndex()
#6 /opt/lampp/htdocs/workstations/framework/web/CController.php(308): CInlineAction->runWithParams(Array)
#7 /opt/lampp/htdocs/workstations/framework/web/CController.php(286): CController->runAction(Object(CInlineAction))
#8 /opt/lampp/htdocs/workstations/framework/web/CController.php(265): CController->runActionWithFilters(Object(CInlineAction), Array)
#9 /opt/lampp/htdocs/workstations/framework/web/CWebApplication.php(282): CController->run('')
#10 /opt/lampp/htdocs/workstations/framework/web/CWebApplication.php(141): CWebApplication->runController('')
#11 /opt/lampp/htdocs/workstations/framework/base/CApplication.php(180): CWebApplication->processRequest()
#12 /opt/lampp/htdocs/workstations/app/index.php(13): CApplication->run()
#13 {main}
REQUEST_URI=/workstations/app/index.php?r
---
2016/03/24 04:58:29 [error] [exception.CException] exception 'CException' with message 'Property "SiteController.content" is not defined.' in /opt/lampp/htdocs/workstations/framework/base/CComponent.php:130
Stack trace:
#0 /opt/lampp/htdocs/workstations/app/protected/views/layouts/_workstation_layout.php(7): CComponent->__get('content')
#1 /opt/lampp/htdocs/workstations/framework/web/CBaseController.php(126): require('/opt/lampp/htdo...')
#2 /opt/lampp/htdocs/workstations/framework/web/CBaseController.php(95): CBaseController->renderInternal('/opt/lampp/htdo...', Array, true)
#3 /opt/lampp/htdocs/workstations/framework/web/CController.php(784): CBaseController->renderFile('/opt/lampp/htdo...', Array, true)
#4 /opt/lampp/htdocs/workstations/app/protected/controllers/SiteController.php(34): CController->render('index')
#5 /opt/lampp/htdocs/workstations/framework/web/actions/CInlineAction.php(49): SiteController->actionIndex()
#6 /opt/lampp/htdocs/workstations/framework/web/CController.php(308): CInlineAction->runWithParams(Array)
#7 /opt/lampp/htdocs/workstations/framework/web/CController.php(286): CController->runAction(Object(CInlineAction))
#8 /opt/lampp/htdocs/workstations/framework/web/CController.php(265): CController->runActionWithFilters(Object(CInlineAction), Array)
#9 /opt/lampp/htdocs/workstations/framework/web/CWebApplication.php(282): CController->run('')
#10 /opt/lampp/htdocs/workstations/framework/web/CWebApplication.php(141): CWebApplication->runController('')
#11 /opt/lampp/htdocs/workstations/framework/base/CApplication.php(180): CWebApplication->processRequest()
#12 /opt/lampp/htdocs/workstations/app/index.php(13): CApplication->run()
#13 {main}
REQUEST_URI=/workstations/app/index.php?
---
2016/03/24 05:56:39 [error] [exception.CException] exception 'CException' with message 'Property "CHttpRequest.homeUrl" is not defined.' in /opt/lampp/htdocs/workstations/framework/base/CComponent.php:130
Stack trace:
#0 /opt/lampp/htdocs/workstations/app/protected/views/layouts/_workstation_layout.php(21): CComponent->__get('homeUrl')
#1 /opt/lampp/htdocs/workstations/framework/web/CBaseController.php(126): require('/opt/lampp/htdo...')
#2 /opt/lampp/htdocs/workstations/framework/web/CBaseController.php(95): CBaseController->renderInternal('/opt/lampp/htdo...', Array, true)
#3 /opt/lampp/htdocs/workstations/framework/web/CController.php(784): CBaseController->renderFile('/opt/lampp/htdo...', Array, true)
#4 /opt/lampp/htdocs/workstations/app/protected/controllers/SiteController.php(34): CController->render('index')
#5 /opt/lampp/htdocs/workstations/framework/web/actions/CInlineAction.php(49): SiteController->actionIndex()
#6 /opt/lampp/htdocs/workstations/framework/web/CController.php(308): CInlineAction->runWithParams(Array)
#7 /opt/lampp/htdocs/workstations/framework/web/CController.php(286): CController->runAction(Object(CInlineAction))
#8 /opt/lampp/htdocs/workstations/framework/web/CController.php(265): CController->runActionWithFilters(Object(CInlineAction), Array)
#9 /opt/lampp/htdocs/workstations/framework/web/CWebApplication.php(282): CController->run('')
#10 /opt/lampp/htdocs/workstations/framework/web/CWebApplication.php(141): CWebApplication->runController('')
#11 /opt/lampp/htdocs/workstations/framework/base/CApplication.php(180): CWebApplication->processRequest()
#12 /opt/lampp/htdocs/workstations/app/index.php(13): CApplication->run()
#13 {main}
REQUEST_URI=/workstations/app/index.php
---
2016/03/24 06:06:06 [error] [exception.CHttpException.404] exception 'CHttpException' with message 'The system is unable to find the requested action "page".' in /opt/lampp/htdocs/workstations/framework/web/CController.php:483
Stack trace:
#0 /opt/lampp/htdocs/workstations/framework/web/CController.php(270): CController->missingAction('page')
#1 /opt/lampp/htdocs/workstations/framework/web/CWebApplication.php(282): CController->run('page')
#2 /opt/lampp/htdocs/workstations/framework/web/CWebApplication.php(141): CWebApplication->runController('site/page')
#3 /opt/lampp/htdocs/workstations/framework/base/CApplication.php(180): CWebApplication->processRequest()
#4 /opt/lampp/htdocs/workstations/app/index.php(13): CApplication->run()
#5 {main}
REQUEST_URI=/workstations/app/index.php?r=site/page&view=about
---
2016/03/24 07:47:09 [error] [php] include(SignUpValidate.php): failed to open stream: No such file or directory (/opt/lampp/htdocs/workstations/framework/YiiBase.php:427)
Stack trace:
#0 /opt/lampp/htdocs/workstations/app/protected/controllers/SiteController.php(52): spl_autoload_call()
#1 /opt/lampp/htdocs/workstations/framework/web/actions/CInlineAction.php(49): SiteController->actionIndex()
#2 /opt/lampp/htdocs/workstations/framework/web/CController.php(308): CInlineAction->runWithParams()
#3 /opt/lampp/htdocs/workstations/framework/web/CController.php(286): SiteController->runAction()
#4 /opt/lampp/htdocs/workstations/framework/web/CController.php(265): SiteController->runActionWithFilters()
#5 /opt/lampp/htdocs/workstations/framework/web/CWebApplication.php(282): SiteController->run()
#6 /opt/lampp/htdocs/workstations/framework/web/CWebApplication.php(141): CWebApplication->runController()
#7 /opt/lampp/htdocs/workstations/framework/base/CApplication.php(180): CWebApplication->processRequest()
#8 /opt/lampp/htdocs/workstations/app/index.php(13): CWebApplication->run()
REQUEST_URI=/workstations/app/index.php
in /opt/lampp/htdocs/workstations/app/protected/controllers/SiteController.php (52)
in /opt/lampp/htdocs/workstations/app/index.php (13)
2016/03/24 07:53:52 [error] [php] Undefined property: SignUpValidate::$getRoleLenUserName (/opt/lampp/htdocs/workstations/app/protected/controllers/SiteController.php:53)
Stack trace:
#0 /opt/lampp/htdocs/workstations/framework/web/CController.php(286): SiteController->runAction()
#1 /opt/lampp/htdocs/workstations/framework/web/CController.php(265): SiteController->runActionWithFilters()
#2 /opt/lampp/htdocs/workstations/framework/web/CWebApplication.php(282): SiteController->run()
#3 /opt/lampp/htdocs/workstations/framework/web/CWebApplication.php(141): CWebApplication->runController()
#4 /opt/lampp/htdocs/workstations/framework/base/CApplication.php(180): CWebApplication->processRequest()
#5 /opt/lampp/htdocs/workstations/app/index.php(13): CWebApplication->run()
REQUEST_URI=/workstations/app/index.php
in /opt/lampp/htdocs/workstations/app/protected/controllers/SiteController.php (53)
in /opt/lampp/htdocs/workstations/app/index.php (13)
2016/03/24 09:40:05 [error] [php] Undefined variable: model (/opt/lampp/htdocs/workstations/app/protected/views/site/index.php:7)
Stack trace:
#0 /opt/lampp/htdocs/workstations/framework/web/CController.php(869): SiteController->renderFile()
#1 /opt/lampp/htdocs/workstations/framework/web/CController.php(782): SiteController->renderPartial()
#2 /opt/lampp/htdocs/workstations/app/protected/controllers/SiteController.php(51): SiteController->render()
#3 /opt/lampp/htdocs/workstations/framework/web/actions/CInlineAction.php(49): SiteController->actionSignUp()
#4 /opt/lampp/htdocs/workstations/framework/web/CController.php(308): CInlineAction->runWithParams()
#5 /opt/lampp/htdocs/workstations/framework/web/CController.php(286): SiteController->runAction()
#6 /opt/lampp/htdocs/workstations/framework/web/CController.php(265): SiteController->runActionWithFilters()
#7 /opt/lampp/htdocs/workstations/framework/web/CWebApplication.php(282): SiteController->run()
#8 /opt/lampp/htdocs/workstations/framework/web/CWebApplication.php(141): CWebApplication->runController()
#9 /opt/lampp/htdocs/workstations/framework/base/CApplication.php(180): CWebApplication->processRequest()
#10 /opt/lampp/htdocs/workstations/app/index.php(13): CWebApplication->run()
REQUEST_URI=/workstations/app/index.php?r=site/signup
in /opt/lampp/htdocs/workstations/app/protected/views/site/index.php (7)
in /opt/lampp/htdocs/workstations/app/protected/controllers/SiteController.php (51)
in /opt/lampp/htdocs/workstations/app/index.php (13)
2016/03/24 09:55:44 [error] [exception.CException] exception 'CException' with message 'Property "CActiveForm.enableAjaxValidate" is not defined.' in /opt/lampp/htdocs/workstations/framework/base/CComponent.php:173
Stack trace:
#0 /opt/lampp/htdocs/workstations/framework/web/CWidgetFactory.php(161): CComponent->__set('enableAjaxValid...', true)
#1 /opt/lampp/htdocs/workstations/framework/web/CBaseController.php(146): CWidgetFactory->createWidget(Object(SiteController), 'CActiveForm', Array)
#2 /opt/lampp/htdocs/workstations/framework/web/CBaseController.php(189): CBaseController->createWidget('CActiveForm', Array)
#3 /opt/lampp/htdocs/workstations/app/protected/views/site/index.php(12): CBaseController->beginWidget('CActiveForm', Array)
#4 /opt/lampp/htdocs/workstations/framework/web/CBaseController.php(126): require('/opt/lampp/htdo...')
#5 /opt/lampp/htdocs/workstations/framework/web/CBaseController.php(95): CBaseController->renderInternal('/opt/lampp/htdo...', Array, true)
#6 /opt/lampp/htdocs/workstations/framework/web/CController.php(869): CBaseController->renderFile('/opt/lampp/htdo...', Array, true)
#7 /opt/lampp/htdocs/workstations/framework/web/CController.php(782): CController->renderPartial('index', Array, true)
#8 /opt/lampp/htdocs/workstations/app/protected/controllers/SiteController.php(65): CController->render('index', Array)
#9 /opt/lampp/htdocs/workstations/framework/web/actions/CInlineAction.php(49): SiteController->actionIndex()
#10 /opt/lampp/htdocs/workstations/framework/web/CController.php(308): CInlineAction->runWithParams(Array)
#11 /opt/lampp/htdocs/workstations/framework/web/CController.php(286): CController->runAction(Object(CInlineAction))
#12 /opt/lampp/htdocs/workstations/framework/web/CController.php(265): CController->runActionWithFilters(Object(CInlineAction), Array)
#13 /opt/lampp/htdocs/workstations/framework/web/CWebApplication.php(282): CController->run('')
#14 /opt/lampp/htdocs/workstations/framework/web/CWebApplication.php(141): CWebApplication->runController('')
#15 /opt/lampp/htdocs/workstations/framework/base/CApplication.php(180): CWebApplication->processRequest()
#16 /opt/lampp/htdocs/workstations/app/index.php(13): CApplication->run()
#17 {main}
REQUEST_URI=/workstations/app/index.php
---
2016/03/24 10:00:23 [error] [php] Undefined variable: model (/opt/lampp/htdocs/workstations/app/protected/views/site/index.php:11)
Stack trace:
#0 /opt/lampp/htdocs/workstations/framework/web/CController.php(869): SiteController->renderFile()
#1 /opt/lampp/htdocs/workstations/framework/web/CController.php(782): SiteController->renderPartial()
#2 /opt/lampp/htdocs/workstations/app/protected/controllers/SiteController.php(51): SiteController->render()
#3 /opt/lampp/htdocs/workstations/framework/web/actions/CInlineAction.php(49): SiteController->actionSignUp()
#4 /opt/lampp/htdocs/workstations/framework/web/CController.php(308): CInlineAction->runWithParams()
#5 /opt/lampp/htdocs/workstations/framework/web/CController.php(286): SiteController->runAction()
#6 /opt/lampp/htdocs/workstations/framework/web/CController.php(265): SiteController->runActionWithFilters()
#7 /opt/lampp/htdocs/workstations/framework/web/CWebApplication.php(282): SiteController->run()
#8 /opt/lampp/htdocs/workstations/framework/web/CWebApplication.php(141): CWebApplication->runController()
#9 /opt/lampp/htdocs/workstations/framework/base/CApplication.php(180): CWebApplication->processRequest()
#10 /opt/lampp/htdocs/workstations/app/index.php(13): CWebApplication->run()
REQUEST_URI=/workstations/app/index.php?r=site/signup
in /opt/lampp/htdocs/workstations/app/protected/views/site/index.php (11)
in /opt/lampp/htdocs/workstations/app/protected/controllers/SiteController.php (51)
in /opt/lampp/htdocs/workstations/app/index.php (13)
2016/03/24 10:54:03 [error] [php] Undefined index: captcha-code (/opt/lampp/htdocs/workstations/app/protected/controllers/SiteController.php:29)
Stack trace:
#0 /opt/lampp/htdocs/workstations/framework/web/CController.php(286): SiteController->runAction()
#1 /opt/lampp/htdocs/workstations/framework/web/CController.php(265): SiteController->runActionWithFilters()
#2 /opt/lampp/htdocs/workstations/framework/web/CWebApplication.php(282): SiteController->run()
#3 /opt/lampp/htdocs/workstations/framework/web/CWebApplication.php(141): CWebApplication->runController()
#4 /opt/lampp/htdocs/workstations/framework/base/CApplication.php(180): CWebApplication->processRequest()
#5 /opt/lampp/htdocs/workstations/app/index.php(13): CWebApplication->run()
REQUEST_URI=/workstations/app/index.php?r=site/test
in /opt/lampp/htdocs/workstations/app/protected/controllers/SiteController.php (29)
in /opt/lampp/htdocs/workstations/app/index.php (13)
2016/03/24 10:54:55 [error] [php] Undefined index: captcha-code (/opt/lampp/htdocs/workstations/app/protected/controllers/SiteController.php:29)
Stack trace:
#0 /opt/lampp/htdocs/workstations/framework/web/CController.php(286): SiteController->runAction()
#1 /opt/lampp/htdocs/workstations/framework/web/CController.php(265): SiteController->runActionWithFilters()
#2 /opt/lampp/htdocs/workstations/framework/web/CWebApplication.php(282): SiteController->run()
#3 /opt/lampp/htdocs/workstations/framework/web/CWebApplication.php(141): CWebApplication->runController()
#4 /opt/lampp/htdocs/workstations/framework/base/CApplication.php(180): CWebApplication->processRequest()
#5 /opt/lampp/htdocs/workstations/app/index.php(13): CWebApplication->run()
REQUEST_URI=/workstations/app/index.php?r=site/test
in /opt/lampp/htdocs/workstations/app/protected/controllers/SiteController.php (29)
in /opt/lampp/htdocs/workstations/app/index.php (13)
2016/03/24 10:59:14 [error] [php] Undefined variable: signUpStatus (/opt/lampp/htdocs/workstations/app/protected/views/site/index.php:44)
Stack trace:
#0 /opt/lampp/htdocs/workstations/framework/web/CController.php(869): SiteController->renderFile()
#1 /opt/lampp/htdocs/workstations/framework/web/CController.php(782): SiteController->renderPartial()
#2 /opt/lampp/htdocs/workstations/app/protected/controllers/SiteController.php(54): SiteController->render()
#3 /opt/lampp/htdocs/workstations/framework/web/actions/CInlineAction.php(49): SiteController->actionSignUp()
#4 /opt/lampp/htdocs/workstations/framework/web/CController.php(308): CInlineAction->runWithParams()
#5 /opt/lampp/htdocs/workstations/framework/web/CController.php(286): SiteController->runAction()
#6 /opt/lampp/htdocs/workstations/framework/web/CController.php(265): SiteController->runActionWithFilters()
#7 /opt/lampp/htdocs/workstations/framework/web/CWebApplication.php(282): SiteController->run()
#8 /opt/lampp/htdocs/workstations/framework/web/CWebApplication.php(141): CWebApplication->runController()
#9 /opt/lampp/htdocs/workstations/framework/base/CApplication.php(180): CWebApplication->processRequest()
#10 /opt/lampp/htdocs/workstations/app/index.php(13): CWebApplication->run()
REQUEST_URI=/workstations/app/index.php?r=site/signup
in /opt/lampp/htdocs/workstations/app/protected/views/site/index.php (44)
in /opt/lampp/htdocs/workstations/app/protected/controllers/SiteController.php (54)
in /opt/lampp/htdocs/workstations/app/index.php (13)
2016/03/24 11:03:34 [error] [exception.CException] exception 'CException' with message 'CCaptchaAction and its behaviors do not have a method or closure named "generateVerifyCode".' in /opt/lampp/htdocs/workstations/framework/base/CComponent.php:266
Stack trace:
#0 /opt/lampp/htdocs/workstations/app/protected/controllers/SiteController.php(30): CComponent->__call('generateVerifyC...', Array)
#1 /opt/lampp/htdocs/workstations/app/protected/controllers/SiteController.php(30): CCaptchaAction->generateVerifyCode()
#2 /opt/lampp/htdocs/workstations/framework/web/actions/CInlineAction.php(49): SiteController->actionSignUp()
#3 /opt/lampp/htdocs/workstations/framework/web/CController.php(308): CInlineAction->runWithParams(Array)
#4 /opt/lampp/htdocs/workstations/framework/web/CController.php(286): CController->runAction(Object(CInlineAction))
#5 /opt/lampp/htdocs/workstations/framework/web/CController.php(265): CController->runActionWithFilters(Object(CInlineAction), Array)
#6 /opt/lampp/htdocs/workstations/framework/web/CWebApplication.php(282): CController->run('signup')
#7 /opt/lampp/htdocs/workstations/framework/web/CWebApplication.php(141): CWebApplication->runController('site/signup')
#8 /opt/lampp/htdocs/workstations/framework/base/CApplication.php(180): CWebApplication->processRequest()
#9 /opt/lampp/htdocs/workstations/app/index.php(13): CApplication->run()
#10 {main}
REQUEST_URI=/workstations/app/index.php?r=site/signup
---
2016/03/24 11:04:19 [error] [exception.CException] exception 'CException' with message 'CCaptchaAction and its behaviors do not have a method or closure named "generateVerifyCode".' in /opt/lampp/htdocs/workstations/framework/base/CComponent.php:266
Stack trace:
#0 /opt/lampp/htdocs/workstations/app/protected/controllers/SiteController.php(30): CComponent->__call('generateVerifyC...', Array)
#1 /opt/lampp/htdocs/workstations/app/protected/controllers/SiteController.php(30): CCaptchaAction->generateVerifyCode()
#2 /opt/lampp/htdocs/workstations/framework/web/actions/CInlineAction.php(49): SiteController->actionSignUp()
#3 /opt/lampp/htdocs/workstations/framework/web/CController.php(308): CInlineAction->runWithParams(Array)
#4 /opt/lampp/htdocs/workstations/framework/web/CController.php(286): CController->runAction(Object(CInlineAction))
#5 /opt/lampp/htdocs/workstations/framework/web/CController.php(265): CController->runActionWithFilters(Object(CInlineAction), Array)
#6 /opt/lampp/htdocs/workstations/framework/web/CWebApplication.php(282): CController->run('signup')
#7 /opt/lampp/htdocs/workstations/framework/web/CWebApplication.php(141): CWebApplication->runController('site/signup')
#8 /opt/lampp/htdocs/workstations/framework/base/CApplication.php(180): CWebApplication->processRequest()
#9 /opt/lampp/htdocs/workstations/app/index.php(13): CApplication->run()
#10 {main}
REQUEST_URI=/workstations/app/index.php?r=site/signup
---
2016/03/24 11:07:59 [error] [exception.CException] exception 'CException' with message 'CCaptchaAction and its behaviors do not have a method or closure named "generateVerifyCode".' in /opt/lampp/htdocs/workstations/framework/base/CComponent.php:266
Stack trace:
#0 /opt/lampp/htdocs/workstations/app/protected/controllers/SiteController.php(31): CComponent->__call('generateVerifyC...', Array)
#1 /opt/lampp/htdocs/workstations/app/protected/controllers/SiteController.php(31): CCaptchaAction->generateVerifyCode()
#2 /opt/lampp/htdocs/workstations/framework/web/actions/CInlineAction.php(49): SiteController->actionSignUp()
#3 /opt/lampp/htdocs/workstations/framework/web/CController.php(308): CInlineAction->runWithParams(Array)
#4 /opt/lampp/htdocs/workstations/framework/web/CController.php(286): CController->runAction(Object(CInlineAction))
#5 /opt/lampp/htdocs/workstations/framework/web/CController.php(265): CController->runActionWithFilters(Object(CInlineAction), Array)
#6 /opt/lampp/htdocs/workstations/framework/web/CWebApplication.php(282): CController->run('signup')
#7 /opt/lampp/htdocs/workstations/framework/web/CWebApplication.php(141): CWebApplication->runController('site/signup')
#8 /opt/lampp/htdocs/workstations/framework/base/CApplication.php(180): CWebApplication->processRequest()
#9 /opt/lampp/htdocs/workstations/app/index.php(13): CApplication->run()
#10 {main}
REQUEST_URI=/workstations/app/index.php?r=site/signup
---
2016/03/24 11:09:14 [error] [exception.CException] exception 'CException' with message 'Property "CCaptchaAction.refresh" is not defined.' in /opt/lampp/htdocs/workstations/framework/base/CComponent.php:173
Stack trace:
#0 /opt/lampp/htdocs/workstations/framework/YiiBase.php(220): CComponent->__set('refresh', 1)
#1 /opt/lampp/htdocs/workstations/framework/web/CController.php(440): YiiBase::createComponent(Array, Object(SiteController), 'captcha')
#2 /opt/lampp/htdocs/workstations/framework/web/CController.php(417): CController->createActionFromMap(Array, 'captcha', 'captcha')
#3 /opt/lampp/htdocs/workstations/app/protected/controllers/SiteController.php(30): CController->createAction('captcha')
#4 /opt/lampp/htdocs/workstations/framework/web/actions/CInlineAction.php(49): SiteController->actionSignUp()
#5 /opt/lampp/htdocs/workstations/framework/web/CController.php(308): CInlineAction->runWithParams(Array)
#6 /opt/lampp/htdocs/workstations/framework/web/CController.php(286): CController->runAction(Object(CInlineAction))
#7 /opt/lampp/htdocs/workstations/framework/web/CController.php(265): CController->runActionWithFilters(Object(CInlineAction), Array)
#8 /opt/lampp/htdocs/workstations/framework/web/CWebApplication.php(282): CController->run('signup')
#9 /opt/lampp/htdocs/workstations/framework/web/CWebApplication.php(141): CWebApplication->runController('site/signup')
#10 /opt/lampp/htdocs/workstations/framework/base/CApplication.php(180): CWebApplication->processRequest()
#11 /opt/lampp/htdocs/workstations/app/index.php(13): CApplication->run()
#12 {main}
REQUEST_URI=/workstations/app/index.php?r=site/signup
---
2016/03/24 11:16:47 [error] [php] Undefined variable: signUpStatus (/opt/lampp/htdocs/workstations/app/protected/views/site/index.php:44)
Stack trace:
#0 /opt/lampp/htdocs/workstations/framework/web/CController.php(869): SiteController->renderFile()
#1 /opt/lampp/htdocs/workstations/framework/web/CController.php(782): SiteController->renderPartial()
#2 /opt/lampp/htdocs/workstations/app/protected/controllers/SiteController.php(69): SiteController->render()
#3 /opt/lampp/htdocs/workstations/framework/web/actions/CInlineAction.php(49): SiteController->actionIndex()
#4 /opt/lampp/htdocs/workstations/framework/web/CController.php(308): CInlineAction->runWithParams()
#5 /opt/lampp/htdocs/workstations/framework/web/CController.php(286): SiteController->runAction()
#6 /opt/lampp/htdocs/workstations/framework/web/CController.php(265): SiteController->runActionWithFilters()
#7 /opt/lampp/htdocs/workstations/framework/web/CWebApplication.php(282): SiteController->run()
#8 /opt/lampp/htdocs/workstations/framework/web/CWebApplication.php(141): CWebApplication->runController()
#9 /opt/lampp/htdocs/workstations/framework/base/CApplication.php(180): CWebApplication->processRequest()
#10 /opt/lampp/htdocs/workstations/app/index.php(13): CWebApplication->run()
REQUEST_URI=/workstations/app/index.php
in /opt/lampp/htdocs/workstations/app/protected/views/site/index.php (44)
in /opt/lampp/htdocs/workstations/app/protected/controllers/SiteController.php (69)
in /opt/lampp/htdocs/workstations/app/index.php (13)
2016/03/24 11:17:38 [error] [php] Undefined variable: signUpStatus (/opt/lampp/htdocs/workstations/app/protected/views/site/index.php:44)
Stack trace:
#0 /opt/lampp/htdocs/workstations/framework/web/CController.php(869): SiteController->renderFile()
#1 /opt/lampp/htdocs/workstations/framework/web/CController.php(782): SiteController->renderPartial()
#2 /opt/lampp/htdocs/workstations/app/protected/controllers/SiteController.php(69): SiteController->render()
#3 /opt/lampp/htdocs/workstations/framework/web/actions/CInlineAction.php(49): SiteController->actionIndex()
#4 /opt/lampp/htdocs/workstations/framework/web/CController.php(308): CInlineAction->runWithParams()
#5 /opt/lampp/htdocs/workstations/framework/web/CController.php(286): SiteController->runAction()
#6 /opt/lampp/htdocs/workstations/framework/web/CController.php(265): SiteController->runActionWithFilters()
#7 /opt/lampp/htdocs/workstations/framework/web/CWebApplication.php(282): SiteController->run()
#8 /opt/lampp/htdocs/workstations/framework/web/CWebApplication.php(141): CWebApplication->runController()
#9 /opt/lampp/htdocs/workstations/framework/base/CApplication.php(180): CWebApplication->processRequest()
#10 /opt/lampp/htdocs/workstations/app/index.php(13): CWebApplication->run()
REQUEST_URI=/workstations/app/index.php
in /opt/lampp/htdocs/workstations/app/protected/views/site/index.php (44)
in /opt/lampp/htdocs/workstations/app/protected/controllers/SiteController.php (69)
in /opt/lampp/htdocs/workstations/app/index.php (13)
2016/03/24 11:42:28 [error] [php] Creating default object from empty value (/opt/lampp/htdocs/workstations/app/protected/controllers/SiteController.php:46)
Stack trace:
#0 /opt/lampp/htdocs/workstations/framework/web/CController.php(286): SiteController->runAction()
#1 /opt/lampp/htdocs/workstations/framework/web/CController.php(265): SiteController->runActionWithFilters()
#2 /opt/lampp/htdocs/workstations/framework/web/CWebApplication.php(282): SiteController->run()
#3 /opt/lampp/htdocs/workstations/framework/web/CWebApplication.php(141): CWebApplication->runController()
#4 /opt/lampp/htdocs/workstations/framework/base/CApplication.php(180): CWebApplication->processRequest()
#5 /opt/lampp/htdocs/workstations/app/index.php(13): CWebApplication->run()
REQUEST_URI=/workstations/app/index.php?r=site/signup
in /opt/lampp/htdocs/workstations/app/protected/controllers/SiteController.php (46)
in /opt/lampp/htdocs/workstations/app/index.php (13)
2016/03/24 11:43:36 [error] [exception.CException] exception 'CException' with message 'Property "User.verifyCode" is not defined.' in /opt/lampp/htdocs/workstations/framework/base/CComponent.php:130
Stack trace:
#0 /opt/lampp/htdocs/workstations/framework/db/ar/CActiveRecord.php(145): CComponent->__get('verifyCode')
#1 /opt/lampp/htdocs/workstations/framework/validators/CCaptchaValidator.php(46): CActiveRecord->__get('verifyCode')
#2 /opt/lampp/htdocs/workstations/framework/validators/CValidator.php(213): CCaptchaValidator->validateAttribute(Object(User), 'verifyCode')
#3 /opt/lampp/htdocs/workstations/framework/base/CModel.php(159): CValidator->validate(Object(User), NULL)
#4 /opt/lampp/htdocs/workstations/framework/db/ar/CActiveRecord.php(805): CModel->validate(NULL)
#5 /opt/lampp/htdocs/workstations/app/protected/controllers/SiteController.php(48): CActiveRecord->save()
#6 /opt/lampp/htdocs/workstations/framework/web/actions/CInlineAction.php(49): SiteController->actionSignUp()
#7 /opt/lampp/htdocs/workstations/framework/web/CController.php(308): CInlineAction->runWithParams(Array)
#8 /opt/lampp/htdocs/workstations/framework/web/CController.php(286): CController->runAction(Object(CInlineAction))
#9 /opt/lampp/htdocs/workstations/framework/web/CController.php(265): CController->runActionWithFilters(Object(CInlineAction), Array)
#10 /opt/lampp/htdocs/workstations/framework/web/CWebApplication.php(282): CController->run('signup')
#11 /opt/lampp/htdocs/workstations/framework/web/CWebApplication.php(141): CWebApplication->runController('site/signup')
#12 /opt/lampp/htdocs/workstations/framework/base/CApplication.php(180): CWebApplication->processRequest()
#13 /opt/lampp/htdocs/workstations/app/index.php(13): CApplication->run()
#14 {main}
REQUEST_URI=/workstations/app/index.php?r=site/signup
HTTP_REFERER=http://localhost/workstations/app/index.php?r=site/signup
---
2016/03/24 11:44:16 [error] [exception.CException] exception 'CException' with message 'Property "User.verifyCode" is not defined.' in /opt/lampp/htdocs/workstations/framework/base/CComponent.php:130
Stack trace:
#0 /opt/lampp/htdocs/workstations/framework/db/ar/CActiveRecord.php(145): CComponent->__get('verifyCode')
#1 /opt/lampp/htdocs/workstations/framework/validators/CCaptchaValidator.php(46): CActiveRecord->__get('verifyCode')
#2 /opt/lampp/htdocs/workstations/framework/validators/CValidator.php(213): CCaptchaValidator->validateAttribute(Object(User), 'verifyCode')
#3 /opt/lampp/htdocs/workstations/framework/base/CModel.php(159): CValidator->validate(Object(User), NULL)
#4 /opt/lampp/htdocs/workstations/framework/db/ar/CActiveRecord.php(805): CModel->validate(NULL)
#5 /opt/lampp/htdocs/workstations/app/protected/controllers/SiteController.php(48): CActiveRecord->save()
#6 /opt/lampp/htdocs/workstations/framework/web/actions/CInlineAction.php(49): SiteController->actionSignUp()
#7 /opt/lampp/htdocs/workstations/framework/web/CController.php(308): CInlineAction->runWithParams(Array)
#8 /opt/lampp/htdocs/workstations/framework/web/CController.php(286): CController->runAction(Object(CInlineAction))
#9 /opt/lampp/htdocs/workstations/framework/web/CController.php(265): CController->runActionWithFilters(Object(CInlineAction), Array)
#10 /opt/lampp/htdocs/workstations/framework/web/CWebApplication.php(282): CController->run('signup')
#11 /opt/lampp/htdocs/workstations/framework/web/CWebApplication.php(141): CWebApplication->runController('site/signup')
#12 /opt/lampp/htdocs/workstations/framework/base/CApplication.php(180): CWebApplication->processRequest()
#13 /opt/lampp/htdocs/workstations/app/index.php(13): CApplication->run()
#14 {main}
REQUEST_URI=/workstations/app/index.php?r=site/signup
HTTP_REFERER=http://localhost/workstations/app/index.php?
---
2016/03/24 12:23:16 [error] [php] Missing argument 1 for CWebUser::getState(), called in /opt/lampp/htdocs/workstations/app/protected/controllers/SiteController.php on line 31 and defined (/opt/lampp/htdocs/workstations/framework/web/auth/CWebUser.php:572)
Stack trace:
#0 /opt/lampp/htdocs/workstations/framework/web/CController.php(308): CInlineAction->runWithParams()
#1 /opt/lampp/htdocs/workstations/framework/web/CController.php(286): SiteController->runAction()
#2 /opt/lampp/htdocs/workstations/framework/web/CController.php(265): SiteController->runActionWithFilters()
#3 /opt/lampp/htdocs/workstations/framework/web/CWebApplication.php(282): SiteController->run()
#4 /opt/lampp/htdocs/workstations/framework/web/CWebApplication.php(141): CWebApplication->runController()
#5 /opt/lampp/htdocs/workstations/framework/base/CApplication.php(180): CWebApplication->processRequest()
#6 /opt/lampp/htdocs/workstations/app/index.php(13): CWebApplication->run()
REQUEST_URI=/workstations/app/index.php?r=site/login
in /opt/lampp/htdocs/workstations/app/protected/controllers/SiteController.php (31)
in /opt/lampp/htdocs/workstations/app/index.php (13)
2016/03/24 12:54:26 [error] [exception.CHttpException.404] exception 'CHttpException' with message 'The system is unable to find the requested action "pages".' in /opt/lampp/htdocs/workstations/framework/web/CController.php:483
Stack trace:
#0 /opt/lampp/htdocs/workstations/framework/web/CController.php(270): CController->missingAction('pages')
#1 /opt/lampp/htdocs/workstations/framework/web/CWebApplication.php(282): CController->run('pages')
#2 /opt/lampp/htdocs/workstations/framework/web/CWebApplication.php(141): CWebApplication->runController('site/pages')
#3 /opt/lampp/htdocs/workstations/framework/base/CApplication.php(180): CWebApplication->processRequest()
#4 /opt/lampp/htdocs/workstations/app/index.php(13): CApplication->run()
#5 {main}
REQUEST_URI=/workstations/app/index.php?r=site/pages&view=about
HTTP_REFERER=http://localhost/workstations/app/index.php
---
2016/03/24 12:55:18 [error] [exception.CHttpException.404] exception 'CHttpException' with message 'The system is unable to find the requested action "pages".' in /opt/lampp/htdocs/workstations/framework/web/CController.php:483
Stack trace:
#0 /opt/lampp/htdocs/workstations/framework/web/CController.php(270): CController->missingAction('pages')
#1 /opt/lampp/htdocs/workstations/framework/web/CWebApplication.php(282): CController->run('pages')
#2 /opt/lampp/htdocs/workstations/framework/web/CWebApplication.php(141): CWebApplication->runController('site/pages')
#3 /opt/lampp/htdocs/workstations/framework/base/CApplication.php(180): CWebApplication->processRequest()
#4 /opt/lampp/htdocs/workstations/app/index.php(13): CApplication->run()
#5 {main}
REQUEST_URI=/workstations/app/index.php?r=site/pages&view=about
HTTP_REFERER=http://localhost/workstations/app/index.php?r=site/contact
---
2016/03/24 12:56:20 [error] [exception.CHttpException.404] exception 'CHttpException' with message 'The system is unable to find the requested action "pages".' in /opt/lampp/htdocs/workstations/framework/web/CController.php:483
Stack trace:
#0 /opt/lampp/htdocs/workstations/framework/web/CController.php(270): CController->missingAction('pages')
#1 /opt/lampp/htdocs/workstations/framework/web/CWebApplication.php(282): CController->run('pages')
#2 /opt/lampp/htdocs/workstations/framework/web/CWebApplication.php(141): CWebApplication->runController('site/pages')
#3 /opt/lampp/htdocs/workstations/framework/base/CApplication.php(180): CWebApplication->processRequest()
#4 /opt/lampp/htdocs/workstations/app/index.php(13): CApplication->run()
#5 {main}
REQUEST_URI=/workstations/app/index.php?r=site/pages&view=about
HTTP_REFERER=http://localhost/workstations/app/index.php?r=site/pages&view=about
---
2016/03/24 12:56:22 [error] [php] Undefined variable: menu_active (/opt/lampp/htdocs/workstations/app/protected/views/site/pages/about.php:8)
Stack trace:
#0 /opt/lampp/htdocs/workstations/framework/web/CController.php(869): SiteController->renderFile()
#1 /opt/lampp/htdocs/workstations/framework/web/CController.php(782): SiteController->renderPartial()
#2 /opt/lampp/htdocs/workstations/framework/web/actions/CViewAction.php(140): SiteController->render()
#3 /opt/lampp/htdocs/workstations/framework/web/actions/CAction.php(76): CViewAction->run()
#4 /opt/lampp/htdocs/workstations/framework/web/CController.php(308): CViewAction->runWithParams()
#5 /opt/lampp/htdocs/workstations/framework/web/CController.php(286): SiteController->runAction()
#6 /opt/lampp/htdocs/workstations/framework/web/CController.php(265): SiteController->runActionWithFilters()
#7 /opt/lampp/htdocs/workstations/framework/web/CWebApplication.php(282): SiteController->run()
#8 /opt/lampp/htdocs/workstations/framework/web/CWebApplication.php(141): CWebApplication->runController()
#9 /opt/lampp/htdocs/workstations/framework/base/CApplication.php(180): CWebApplication->processRequest()
#10 /opt/lampp/htdocs/workstations/app/index.php(13): CWebApplication->run()
REQUEST_URI=/workstations/app/index.php?r=site/page&view=about
in /opt/lampp/htdocs/workstations/app/protected/views/site/pages/about.php (8)
in /opt/lampp/htdocs/workstations/app/index.php (13)
2016/03/24 14:11:30 [error] [php] Trying to get property of non-object (/opt/lampp/htdocs/workstations/app/protected/components/WebUser.php:9)
Stack trace:
#0 /opt/lampp/htdocs/workstations/framework/web/CBaseController.php(95): ChecklistController->renderInternal()
#1 /opt/lampp/htdocs/workstations/framework/web/CController.php(784): ChecklistController->renderFile()
#2 /opt/lampp/htdocs/workstations/app/protected/controllers/ChecklistController.php(13): ChecklistController->render()
#3 /opt/lampp/htdocs/workstations/framework/web/actions/CInlineAction.php(49): ChecklistController->actionIndex()
#4 /opt/lampp/htdocs/workstations/framework/web/CController.php(308): CInlineAction->runWithParams()
#5 /opt/lampp/htdocs/workstations/framework/web/CController.php(286): ChecklistController->runAction()
#6 /opt/lampp/htdocs/workstations/framework/web/CController.php(265): ChecklistController->runActionWithFilters()
#7 /opt/lampp/htdocs/workstations/framework/web/CWebApplication.php(282): ChecklistController->run()
#8 /opt/lampp/htdocs/workstations/framework/web/CWebApplication.php(141): CWebApplication->runController()
#9 /opt/lampp/htdocs/workstations/framework/base/CApplication.php(180): CWebApplication->processRequest()
#10 /opt/lampp/htdocs/workstations/app/index.php(13): CWebApplication->run()
REQUEST_URI=/workstations/app/index.php?r=checklist
in /opt/lampp/htdocs/workstations/app/protected/components/WebUser.php (9)
in /opt/lampp/htdocs/workstations/app/protected/views/layouts/_workstation_layout.php (35)
in /opt/lampp/htdocs/workstations/app/protected/controllers/ChecklistController.php (13)
2016/03/24 14:18:57 [error] [php] Trying to get property of non-object (/opt/lampp/htdocs/workstations/app/protected/components/WebUser.php:9)
Stack trace:
#0 /opt/lampp/htdocs/workstations/framework/web/CBaseController.php(95): ChecklistController->renderInternal()
#1 /opt/lampp/htdocs/workstations/framework/web/CController.php(784): ChecklistController->renderFile()
#2 /opt/lampp/htdocs/workstations/app/protected/controllers/ChecklistController.php(13): ChecklistController->render()
#3 /opt/lampp/htdocs/workstations/framework/web/actions/CInlineAction.php(49): ChecklistController->actionIndex()
#4 /opt/lampp/htdocs/workstations/framework/web/CController.php(308): CInlineAction->runWithParams()
#5 /opt/lampp/htdocs/workstations/framework/web/CController.php(286): ChecklistController->runAction()
#6 /opt/lampp/htdocs/workstations/framework/web/CController.php(265): ChecklistController->runActionWithFilters()
#7 /opt/lampp/htdocs/workstations/framework/web/CWebApplication.php(282): ChecklistController->run()
#8 /opt/lampp/htdocs/workstations/framework/web/CWebApplication.php(141): CWebApplication->runController()
#9 /opt/lampp/htdocs/workstations/framework/base/CApplication.php(180): CWebApplication->processRequest()
#10 /opt/lampp/htdocs/workstations/app/index.php(13): CWebApplication->run()
REQUEST_URI=/workstations/app/index.php?r=checklist
in /opt/lampp/htdocs/workstations/app/protected/components/WebUser.php (9)
in /opt/lampp/htdocs/workstations/app/protected/views/layouts/_workstation_layout.php (35)
in /opt/lampp/htdocs/workstations/app/protected/controllers/ChecklistController.php (13)
2016/03/24 14:21:10 [error] [php] Trying to get property of non-object (/opt/lampp/htdocs/workstations/app/protected/components/WebUser.php:9)
Stack trace:
#0 /opt/lampp/htdocs/workstations/framework/web/CBaseController.php(95): ChecklistController->renderInternal()
#1 /opt/lampp/htdocs/workstations/framework/web/CController.php(784): ChecklistController->renderFile()
#2 /opt/lampp/htdocs/workstations/app/protected/controllers/ChecklistController.php(13): ChecklistController->render()
#3 /opt/lampp/htdocs/workstations/framework/web/actions/CInlineAction.php(49): ChecklistController->actionIndex()
#4 /opt/lampp/htdocs/workstations/framework/web/CController.php(308): CInlineAction->runWithParams()
#5 /opt/lampp/htdocs/workstations/framework/web/CController.php(286): ChecklistController->runAction()
#6 /opt/lampp/htdocs/workstations/framework/web/CController.php(265): ChecklistController->runActionWithFilters()
#7 /opt/lampp/htdocs/workstations/framework/web/CWebApplication.php(282): ChecklistController->run()
#8 /opt/lampp/htdocs/workstations/framework/web/CWebApplication.php(141): CWebApplication->runController()
#9 /opt/lampp/htdocs/workstations/framework/base/CApplication.php(180): CWebApplication->processRequest()
#10 /opt/lampp/htdocs/workstations/app/index.php(13): CWebApplication->run()
REQUEST_URI=/workstations/app/index.php?r=checklist
in /opt/lampp/htdocs/workstations/app/protected/components/WebUser.php (9)
in /opt/lampp/htdocs/workstations/app/protected/views/layouts/_workstation_layout.php (35)
in /opt/lampp/htdocs/workstations/app/protected/controllers/ChecklistController.php (13)
2016/03/24 14:21:49 [error] [php] Trying to get property of non-object (/opt/lampp/htdocs/workstations/app/protected/components/WebUser.php:9)
Stack trace:
#0 /opt/lampp/htdocs/workstations/framework/web/CBaseController.php(95): ChecklistController->renderInternal()
#1 /opt/lampp/htdocs/workstations/framework/web/CController.php(784): ChecklistController->renderFile()
#2 /opt/lampp/htdocs/workstations/app/protected/controllers/ChecklistController.php(13): ChecklistController->render()
#3 /opt/lampp/htdocs/workstations/framework/web/actions/CInlineAction.php(49): ChecklistController->actionIndex()
#4 /opt/lampp/htdocs/workstations/framework/web/CController.php(308): CInlineAction->runWithParams()
#5 /opt/lampp/htdocs/workstations/framework/web/CController.php(286): ChecklistController->runAction()
#6 /opt/lampp/htdocs/workstations/framework/web/CController.php(265): ChecklistController->runActionWithFilters()
#7 /opt/lampp/htdocs/workstations/framework/web/CWebApplication.php(282): ChecklistController->run()
#8 /opt/lampp/htdocs/workstations/framework/web/CWebApplication.php(141): CWebApplication->runController()
#9 /opt/lampp/htdocs/workstations/framework/base/CApplication.php(180): CWebApplication->processRequest()
#10 /opt/lampp/htdocs/workstations/app/index.php(13): CWebApplication->run()
REQUEST_URI=/workstations/app/index.php?r=checklist
in /opt/lampp/htdocs/workstations/app/protected/components/WebUser.php (9)
in /opt/lampp/htdocs/workstations/app/protected/views/layouts/_workstation_layout.php (35)
in /opt/lampp/htdocs/workstations/app/protected/controllers/ChecklistController.php (13)
2016/03/24 14:34:51 [error] [exception.CHttpException.404] exception 'CHttpException' with message 'The system is unable to find the requested action "account".' in /opt/lampp/htdocs/workstations/framework/web/CController.php:483
Stack trace:
#0 /opt/lampp/htdocs/workstations/framework/web/CController.php(270): CController->missingAction('account')
#1 /opt/lampp/htdocs/workstations/framework/web/CWebApplication.php(282): CController->run('account')
#2 /opt/lampp/htdocs/workstations/framework/web/CWebApplication.php(141): CWebApplication->runController('site/account')
#3 /opt/lampp/htdocs/workstations/framework/base/CApplication.php(180): CWebApplication->processRequest()
#4 /opt/lampp/htdocs/workstations/app/index.php(13): CApplication->run()
#5 {main}
REQUEST_URI=/workstations/app/index.php?r=site/account
HTTP_REFERER=http://localhost/workstations/app/index.php?r=checklist
---
2016/03/24 14:36:02 [error] [exception.CHttpException.404] exception 'CHttpException' with message 'The system is unable to find the requested action "captcha".' in /opt/lampp/htdocs/workstations/framework/web/CController.php:483
Stack trace:
#0 /opt/lampp/htdocs/workstations/framework/web/CController.php(270): CController->missingAction('captcha')
#1 /opt/lampp/htdocs/workstations/framework/web/CWebApplication.php(282): CController->run('captcha')
#2 /opt/lampp/htdocs/workstations/framework/web/CWebApplication.php(141): CWebApplication->runController('checklist/captc...')
#3 /opt/lampp/htdocs/workstations/framework/base/CApplication.php(180): CWebApplication->processRequest()
#4 /opt/lampp/htdocs/workstations/app/index.php(13): CApplication->run()
#5 {main}
REQUEST_URI=/workstations/app/index.php?r=checklist/captcha&v=56f3ed425a943
HTTP_REFERER=http://localhost/workstations/app/index.php?r=checklist/account
---
2016/03/24 14:36:02 [error] [exception.CHttpException.404] exception 'CHttpException' with message 'The system is unable to find the requested action "captcha".' in /opt/lampp/htdocs/workstations/framework/web/CController.php:483
Stack trace:
#0 /opt/lampp/htdocs/workstations/framework/web/CController.php(270): CController->missingAction('captcha')
#1 /opt/lampp/htdocs/workstations/framework/web/CWebApplication.php(282): CController->run('captcha')
#2 /opt/lampp/htdocs/workstations/framework/web/CWebApplication.php(141): CWebApplication->runController('checklist/captc...')
#3 /opt/lampp/htdocs/workstations/framework/base/CApplication.php(180): CWebApplication->processRequest()
#4 /opt/lampp/htdocs/workstations/app/index.php(13): CApplication->run()
#5 {main}
REQUEST_URI=/workstations/app/index.php?r=checklist/captcha&v=56f3ed425a943
HTTP_REFERER=http://localhost/workstations/app/index.php?r=checklist/account
---
2016/03/24 14:37:32 [error] [exception.CHttpException.404] exception 'CHttpException' with message 'The system is unable to find the requested action "captcha".' in /opt/lampp/htdocs/workstations/framework/web/CController.php:483
Stack trace:
#0 /opt/lampp/htdocs/workstations/framework/web/CController.php(270): CController->missingAction('captcha')
#1 /opt/lampp/htdocs/workstations/framework/web/CWebApplication.php(282): CController->run('captcha')
#2 /opt/lampp/htdocs/workstations/framework/web/CWebApplication.php(141): CWebApplication->runController('checklist/captc...')
#3 /opt/lampp/htdocs/workstations/framework/base/CApplication.php(180): CWebApplication->processRequest()
#4 /opt/lampp/htdocs/workstations/app/index.php(13): CApplication->run()
#5 {main}
REQUEST_URI=/workstations/app/index.php?r=checklist/captcha&v=56f3ed9ca8563
HTTP_REFERER=http://localhost/workstations/app/index.php?r=checklist/account
---
2016/03/24 14:37:32 [error] [exception.CHttpException.404] exception 'CHttpException' with message 'The system is unable to find the requested action "captcha".' in /opt/lampp/htdocs/workstations/framework/web/CController.php:483
Stack trace:
#0 /opt/lampp/htdocs/workstations/framework/web/CController.php(270): CController->missingAction('captcha')
#1 /opt/lampp/htdocs/workstations/framework/web/CWebApplication.php(282): CController->run('captcha')
#2 /opt/lampp/htdocs/workstations/framework/web/CWebApplication.php(141): CWebApplication->runController('checklist/captc...')
#3 /opt/lampp/htdocs/workstations/framework/base/CApplication.php(180): CWebApplication->processRequest()
#4 /opt/lampp/htdocs/workstations/app/index.php(13): CApplication->run()
#5 {main}
REQUEST_URI=/workstations/app/index.php?r=checklist/captcha&v=56f3ed9ca8563
HTTP_REFERER=http://localhost/workstations/app/index.php?r=checklist/account
---
2016/03/24 14:37:40 [error] [exception.CHttpException.404] exception 'CHttpException' with message 'The system is unable to find the requested action "captcha".' in /opt/lampp/htdocs/workstations/framework/web/CController.php:483
Stack trace:
#0 /opt/lampp/htdocs/workstations/framework/web/CController.php(270): CController->missingAction('captcha')
#1 /opt/lampp/htdocs/workstations/framework/web/CWebApplication.php(282): CController->run('captcha')
#2 /opt/lampp/htdocs/workstations/framework/web/CWebApplication.php(141): CWebApplication->runController('checklist/captc...')
#3 /opt/lampp/htdocs/workstations/framework/base/CApplication.php(180): CWebApplication->processRequest()
#4 /opt/lampp/htdocs/workstations/app/index.php(13): CApplication->run()
#5 {main}
REQUEST_URI=/workstations/app/index.php?r=checklist/captcha&v=56f3eda4a0efb
HTTP_REFERER=http://localhost/workstations/app/index.php?r=checklist/account
---
2016/03/24 14:37:40 [error] [exception.CHttpException.404] exception 'CHttpException' with message 'The system is unable to find the requested action "captcha".' in /opt/lampp/htdocs/workstations/framework/web/CController.php:483
Stack trace:
#0 /opt/lampp/htdocs/workstations/framework/web/CController.php(270): CController->missingAction('captcha')
#1 /opt/lampp/htdocs/workstations/framework/web/CWebApplication.php(282): CController->run('captcha')
#2 /opt/lampp/htdocs/workstations/framework/web/CWebApplication.php(141): CWebApplication->runController('checklist/captc...')
#3 /opt/lampp/htdocs/workstations/framework/base/CApplication.php(180): CWebApplication->processRequest()
#4 /opt/lampp/htdocs/workstations/app/index.php(13): CApplication->run()
#5 {main}
REQUEST_URI=/workstations/app/index.php?r=checklist/captcha&v=56f3eda4a0efb
HTTP_REFERER=http://localhost/workstations/app/index.php?r=checklist/account
---
